<?xml version="1.0" encoding="UTF-8" ?>
<testsuite failures="0" time="1.609" errors="0" skipped="0" tests="1" name="com.deppon.pda.bdm.module.push.server.AppTest">
  <properties>
    <property name="java.runtime.name" value="Java(TM) SE Runtime Environment"/>
    <property name="sun.boot.library.path" value="D:\Java\jdk1.6.0_43\jre\bin"/>
    <property name="java.vm.version" value="20.14-b01"/>
    <property name="java.vm.vendor" value="Sun Microsystems Inc."/>
    <property name="java.vendor.url" value="http://java.sun.com/"/>
    <property name="path.separator" value=";"/>
    <property name="guice.disable.misplaced.annotation.check" value="true"/>
    <property name="java.vm.name" value="Java HotSpot(TM) 64-Bit Server VM"/>
    <property name="file.encoding.pkg" value="sun.io"/>
    <property name="user.country" value="CN"/>
    <property name="sun.java.launcher" value="SUN_STANDARD"/>
    <property name="sun.os.patch.level" value="Service Pack 1"/>
    <property name="java.vm.specification.name" value="Java Virtual Machine Specification"/>
    <property name="user.dir" value="E:\workspace\pda-bdm-push"/>
    <property name="java.runtime.version" value="1.6.0_43-b01"/>
    <property name="java.awt.graphicsenv" value="sun.awt.Win32GraphicsEnvironment"/>
    <property name="java.endorsed.dirs" value="D:\Java\jdk1.6.0_43\jre\lib\endorsed"/>
    <property name="os.arch" value="amd64"/>
    <property name="java.io.tmpdir" value="C:\Users\183272\AppData\Local\Temp\"/>
    <property name="line.separator" value="
"/>
    <property name="java.vm.specification.vendor" value="Sun Microsystems Inc."/>
    <property name="user.variant" value=""/>
    <property name="os.name" value="Windows 7"/>
    <property name="classworlds.conf" value="E:\workspace\.metadata\.plugins\org.eclipse.m2e.launching\launches\m2conf7905974873573063365.tmp"/>
    <property name="sun.jnu.encoding" value="GBK"/>
    <property name="java.library.path" value="D:\Java\jdk1.6.0_43\jre\bin;C:\windows\Sun\Java\bin;C:\windows\system32;C:\windows;D:\Java\jdk1.6.0_43\jre\bin;D:/Java/jdk1.6.0_43/bin/../jre/bin/server;D:/Java/jdk1.6.0_43/bin/../jre/bin;D:/Java/jdk1.6.0_43/bin/../jre/lib/amd64;C:\Users\183272\bin\Sencha\Cmd\5.0.1.231;E:\android\adt-bundle-windows-x86_64-20140702\sdk\tools;E:\android\adt-bundle-windows-x86_64-20140702\sdk\platform-tools;E:\study\apache-ant-1.9.4\bin;D:\Java\jdk1.6.0_43\bin;C:\windows\system32;C:\windows;C:\windows\System32\Wbem;C:\windows\System32\WindowsPowerShell\v1.0\;C:\Program Files\TortoiseSVN\bin;C:\Program Files (x86)\Common Files\Adobe\AGL;C:\Program Files\nodejs\;C:\Program Files (x86)\Git\cmd;C:\Users\183272\AppData\Roaming\npm;E:\eclipse\eclipse-jee-luna-R-win32-x86_64\eclipse;;."/>
    <property name="java.specification.name" value="Java Platform API Specification"/>
    <property name="java.class.version" value="50.0"/>
    <property name="sun.management.compiler" value="HotSpot 64-Bit Tiered Compilers"/>
    <property name="os.version" value="6.1"/>
    <property name="user.home" value="d:\183272"/>
    <property name="user.timezone" value="Asia/Shanghai"/>
    <property name="java.awt.printerjob" value="sun.awt.windows.WPrinterJob"/>
    <property name="file.encoding" value="UTF-8"/>
    <property name="java.specification.version" value="1.6"/>
    <property name="user.name" value="183272"/>
    <property name="java.class.path" value="/E:/eclipse/eclipse-jee-luna-R-win32-x86_64/eclipse/plugins/org.eclipse.m2e.maven.runtime_1.5.0.20140605-2032/jars/plexus-classworlds-2.5.1.jar"/>
    <property name="org.slf4j.simpleLogger.defaultLogLevel" value="info"/>
    <property name="java.vm.specification.version" value="1.0"/>
    <property name="sun.arch.data.model" value="64"/>
    <property name="java.home" value="D:\Java\jdk1.6.0_43\jre"/>
    <property name="sun.java.command" value="org.codehaus.plexus.classworlds.launcher.Launcher -B -s E:\work\PDA\settings.xml clean deploy"/>
    <property name="java.specification.vendor" value="Sun Microsystems Inc."/>
    <property name="user.language" value="zh"/>
    <property name="awt.toolkit" value="sun.awt.windows.WToolkit"/>
    <property name="java.vm.info" value="mixed mode"/>
    <property name="java.version" value="1.6.0_43"/>
    <property name="java.ext.dirs" value="D:\Java\jdk1.6.0_43\jre\lib\ext;C:\windows\Sun\Java\lib\ext"/>
    <property name="sun.boot.class.path" value="D:\Java\jdk1.6.0_43\jre\lib\resources.jar;D:\Java\jdk1.6.0_43\jre\lib\rt.jar;D:\Java\jdk1.6.0_43\jre\lib\sunrsasign.jar;D:\Java\jdk1.6.0_43\jre\lib\jsse.jar;D:\Java\jdk1.6.0_43\jre\lib\jce.jar;D:\Java\jdk1.6.0_43\jre\lib\charsets.jar;D:\Java\jdk1.6.0_43\jre\lib\modules\jdk.boot.jar;D:\Java\jdk1.6.0_43\jre\classes"/>
    <property name="java.vendor" value="Sun Microsystems Inc."/>
    <property name="maven.home" value="E:\workspace\pda-bdm-push\EMBEDDED"/>
    <property name="file.separator" value="\"/>
    <property name="java.vendor.url.bug" value="http://java.sun.com/cgi-bin/bugreport.cgi"/>
    <property name="sun.cpu.endian" value="little"/>
    <property name="sun.io.unicode.encoding" value="UnicodeLittle"/>
    <property name="sun.desktop" value="windows"/>
    <property name="sun.cpu.isalist" value="amd64"/>
  </properties>
  <testcase time="1.609" classname="com.deppon.pda.bdm.module.push.server.AppTest" name="sendMessage"/>
</testsuite>